<?xml version="1.0" encoding="UTF-8"?>
<!-- Generated by org.testng.reporters.JUnitXMLReporter -->
<testsuite ignored="0" hostname="LAPTOP-MBKE25QH" failures="0" tests="3" name="Default test" time="13.632" errors="0" timestamp="2023-10-06T15:58:09 IST">
  <testcase classname="TestNG.DataProviders" name="demo" time="4.915"/>
  <testcase classname="TestNG.DataProviders" name="demo" time="4.39"/>
  <testcase classname="TestNG.DataProviders" name="demo" time="4.295"/>
</testsuite> <!-- Default test -->
