<?xml version="1.0" encoding="UTF-8"?>
<!-- Generated by org.testng.reporters.JUnitXMLReporter -->
<testsuite ignored="0" hostname="LAPTOP-MBKE25QH" failures="0" tests="3" name="Test" time="19.611" errors="0" timestamp="2023-10-06T15:21:17 IST">
  <testcase classname="Test_FailingPurpose.snapdeal" name="sdeal" time="7.106"/>
  <testcase classname="Test_FailingPurpose.amazon" name="amz" time="7.42"/>
  <testcase classname="Test_FailingPurpose.facevook" name="fb" time="5.039"/>
</testsuite> <!-- Test -->
